<?xml version="1.0" encoding="UTF-8"?>
<!-- Generated by org.testng.reporters.JUnitReportReporter -->
<testsuite skipped="0" hostname="Balajis-MBP.lan" name="testcase.TC_001" tests="1" failures="0" timestamp="2022-12-22T22:44:14 CST" time="5.593" errors="0">
  <testcase name="test" time="5.593" classname="testcase.TC_001"/>
  <system-out/>
</testsuite> <!-- testcase.TC_001 -->
